<?xml version="1.0" encoding="UTF-8"?>
<testsuite xmlns:xsi="http://www.w3.org/2001/XMLSchema-instance" xsi:noNamespaceSchemaLocation="https://maven.apache.org/surefire/maven-surefire-plugin/xsd/surefire-test-report-3.0.xsd" version="3.0" name="com.ecommerce.ecommerce.EcommerceApplicationTests" time="0.611" tests="1" errors="0" skipped="0" failures="0">
  <properties>
[...]
</properties>
  <testcase name="contextLoads" classname="com.ecommerce.ecommerce.EcommerceApplicationTests" time="0.003">
    <system-out><![CDATA[2026-05-12T01:07:47.262+03:00  INFO 30820 --- [ecommerce] [           main] t.c.s.AnnotationConfigContextLoaderUtils : Could not detect default configuration classes for test class [com.ecommerce.ecommerce.EcommerceApplicationTests]: EcommerceApplicationTests does not declare any static, non-private, non-final, nested classes annotated with @Configuration.
2026-05-12T01:07:47.268+03:00  INFO 30820 --- [ecommerce] [           main] .b.t.c.SpringBootTestContextBootstrapper : Found @SpringBootConfiguration com.ecommerce.ecommerce.EcommerceApplication for test class com.ecommerce.ecommerce.EcommerceApplicationTests

  .   ____          _            __ _ _
 /\\ / ___'_ __ _ _(_)_ __  __ _ \ \ \ \
( ( )\___ | '_ | '_| | '_ \/ _` | \ \ \ \
 \\/  ___)| |_)| | | | | || (_| |  ) ) ) )
  '  |____| .__|_| |_|_| |_\__, | / / / /
 =========|_|==============|___/=/_/_/_/

 :: Spring Boot ::                (v3.3.4)

2026-05-12T01:07:47.291+03:00  INFO 30820 --- [ecommerce] [           main] c.e.ecommerce.EcommerceApplicationTests  : Starting EcommerceApplicationTests using Java 17.0.12 with PID 30820 (started by yousuf in C:\Users\yousuf\git\parallel-development)
2026-05-12T01:07:47.291+03:00  INFO 30820 --- [ecommerce] [           main] c.e.ecommerce.EcommerceApplicationTests  : The following 1 profile is active: "test"
2026-05-12T01:07:47.409+03:00  INFO 30820 --- [ecommerce] [           main] .s.d.r.c.RepositoryConfigurationDelegate : Bootstrapping Spring Data JPA repositories in DEFAULT mode.
2026-05-12T01:07:47.423+03:00  INFO 30820 --- [ecommerce] [           main] .s.d.r.c.RepositoryConfigurationDelegate : Finished Spring Data repository scanning in 13 ms. Found 5 JPA repository interfaces.
2026-05-12T01:07:47.494+03:00  INFO 30820 --- [ecommerce] [           main] o.hibernate.jpa.internal.util.LogHelper  : HHH000204: Processing PersistenceUnitInfo [name: default]
2026-05-12T01:07:47.495+03:00  INFO 30820 --- [ecommerce] [           main] o.h.c.internal.RegionFactoryInitiator    : HHH000026: Second-level cache disabled
2026-05-12T01:07:47.505+03:00  INFO 30820 --- [ecommerce] [           main] o.s.o.j.p.SpringPersistenceUnitInfo      : No LoadTimeWeaver setup: ignoring JPA class transformer
2026-05-12T01:07:47.506+03:00  INFO 30820 --- [ecommerce] [           main] com.zaxxer.hikari.HikariDataSource       : HikariPool-2 - Starting...
2026-05-12T01:07:47.528+03:00  INFO 30820 --- [ecommerce] [           main] com.zaxxer.hikari.pool.HikariPool        : HikariPool-2 - Added connection org.testcontainers.jdbc.ConnectionWrapper@20e1ce62
2026-05-12T01:07:47.528+03:00  INFO 30820 --- [ecommerce] [           main] com.zaxxer.hikari.HikariDataSource       : HikariPool-2 - Start completed.
2026-05-12T01:07:47.613+03:00  INFO 30820 --- [ecommerce] [           main] o.h.e.t.j.p.i.JtaPlatformInitiator       : HHH000489: No JTA platform available (set 'hibernate.transaction.jta.platform' to enable JTA platform integration)
Hibernate: alter table if exists product drop constraint if exists FK1mtsbur82frn64de7balymq9s
Hibernate: alter table if exists sale_items drop constraint if exists FKtblndatsq8mro19rd0i1nx5qw
Hibernate: alter table if exists sale_items drop constraint if exists FK7tcpbc5c5mpnm8fl2phl8ep7l
Hibernate: drop table if exists category cascade
Hibernate: drop table if exists product cascade
Hibernate: drop table if exists sale_items cascade
Hibernate: drop table if exists sales cascade
Hibernate: drop table if exists users cascade
Hibernate: create table category (id bigint generated by default as identity, description varchar(255), name varchar(255), primary key (id))
Hibernate: create table product (price float(53) not null, quantity integer not null, version integer, category_id bigint, id bigint generated by default as identity, brand varchar(255), name varchar(255), specifications varchar(255), primary key (id))
Hibernate: create table sale_items (price_at_purchase float(53), quantity integer not null, id bigint generated by default as identity, product_id bigint not null, sale_id bigint not null, primary key (id))
Hibernate: create table sales (total_amount float(53) not null, id bigint generated by default as identity, sale_date timestamp(6) not null, primary key (id))
Hibernate: create table users (balance numeric(10,2) not null, created_at timestamp(6) not null, id bigint generated by default as identity, email varchar(255) not null unique, name varchar(255) not null, password varchar(255) not null, role varchar(255) not null check (role in ('USER','ADMIN')), primary key (id))
Hibernate: alter table if exists product add constraint FK1mtsbur82frn64de7balymq9s foreign key (category_id) references category
Hibernate: alter table if exists sale_items add constraint FKtblndatsq8mro19rd0i1nx5qw foreign key (product_id) references product
Hibernate: alter table if exists sale_items add constraint FK7tcpbc5c5mpnm8fl2phl8ep7l foreign key (sale_id) references sales
2026-05-12T01:07:47.651+03:00  INFO 30820 --- [ecommerce] [           main] j.LocalContainerEntityManagerFactoryBean : Initialized JPA EntityManagerFactory for persistence unit 'default'
2026-05-12T01:07:47.683+03:00  INFO 30820 --- [ecommerce] [           main] r$InitializeUserDetailsManagerConfigurer : Global AuthenticationManager configured with UserDetailsService bean with name customUserDetailsService
2026-05-12T01:07:47.722+03:00  WARN 30820 --- [ecommerce] [           main] JpaBaseConfiguration$JpaWebConfiguration : spring.jpa.open-in-view is enabled by default. Therefore, database queries may be performed during view rendering. Explicitly configure spring.jpa.open-in-view to disable this warning
2026-05-12T01:07:47.836+03:00  INFO 30820 --- [ecommerce] [           main] o.s.b.a.h2.H2ConsoleAutoConfiguration    : H2 console available at '/h2-console'. Database available at 'jdbc:postgresql://localhost:55660/test?loggerLevel=OFF'
2026-05-12T01:07:47.866+03:00  INFO 30820 --- [ecommerce] [           main] c.e.ecommerce.EcommerceApplicationTests  : Started EcommerceApplicationTests in 0.595 seconds (process running for 45.66)
]]></system-out>
  </testcase>
</testsuite>