<?xml version="1.0" encoding="UTF-8"?>
<testsuite xmlns:xsi="http://www.w3.org/2001/XMLSchema-instance" xsi:noNamespaceSchemaLocation="https://maven.apache.org/surefire/maven-surefire-plugin/xsd/surefire-test-report-3.0.xsd" version="3.0" name="com.ecommerce.ecommerce.user.UserControllerIntegrationTest" time="2.426" tests="10" errors="0" skipped="0" failures="3">
  <properties>
[...]
</properties>
  <testcase name="deleteUser_shouldReturn403_whenNotAdmin" classname="com.ecommerce.ecommerce.user.UserControllerIntegrationTest" time="0.367">
    <system-out><![CDATA[2026-05-12T01:07:47.876+03:00  INFO 30820 --- [ecommerce] [           main] t.c.s.AnnotationConfigContextLoaderUtils : Could not detect default configuration classes for test class [com.ecommerce.ecommerce.user.UserControllerIntegrationTest]: UserControllerIntegrationTest does not declare any static, non-private, non-final, nested classes annotated with @Configuration.
2026-05-12T01:07:47.884+03:00  INFO 30820 --- [ecommerce] [           main] .b.t.c.SpringBootTestContextBootstrapper : Found @SpringBootConfiguration com.ecommerce.ecommerce.EcommerceApplication for test class com.ecommerce.ecommerce.user.UserControllerIntegrationTest
Hibernate: select u1_0.id,u1_0.balance,u1_0.created_at,u1_0.email,u1_0.name,u1_0.password,u1_0.role from users u1_0
Hibernate: select u1_0.id from users u1_0 where u1_0.email=? fetch first ? rows only
Hibernate: insert into users (balance,created_at,email,name,password,role) values (?,?,?,?,?,?) returning id
Hibernate: select u1_0.id from users u1_0 where u1_0.email=? fetch first ? rows only
Hibernate: insert into users (balance,created_at,email,name,password,role) values (?,?,?,?,?,?) returning id
Hibernate: select u1_0.id,u1_0.balance,u1_0.created_at,u1_0.email,u1_0.name,u1_0.password,u1_0.role from users u1_0 where u1_0.email=?
Hibernate: select u1_0.id,u1_0.balance,u1_0.created_at,u1_0.email,u1_0.name,u1_0.password,u1_0.role from users u1_0 where u1_0.id=?
Hibernate: update users set balance=?,email=?,name=?,password=?,role=? where id=?
Hibernate: select u1_0.id,u1_0.balance,u1_0.created_at,u1_0.email,u1_0.name,u1_0.password,u1_0.role from users u1_0 where u1_0.email=?
Hibernate: select u1_0.id,u1_0.balance,u1_0.created_at,u1_0.email,u1_0.name,u1_0.password,u1_0.role from users u1_0 where u1_0.email=?
Hibernate: select u1_0.id,u1_0.balance,u1_0.created_at,u1_0.email,u1_0.name,u1_0.password,u1_0.role from users u1_0 where u1_0.email=?
Hibernate: select u1_0.id,u1_0.balance,u1_0.created_at,u1_0.email,u1_0.name,u1_0.password,u1_0.role from users u1_0 where u1_0.email=?
Hibernate: select u1_0.id,u1_0.balance,u1_0.created_at,u1_0.email,u1_0.name,u1_0.password,u1_0.role from users u1_0 where u1_0.email=?
]]></system-out>
  </testcase>
  <testcase name="updateProfile_shouldReturn200_whenValidRequest" classname="com.ecommerce.ecommerce.user.UserControllerIntegrationTest" time="0.213">
    <system-out><![CDATA[Hibernate: select u1_0.id,u1_0.balance,u1_0.created_at,u1_0.email,u1_0.name,u1_0.password,u1_0.role from users u1_0
Hibernate: delete from users where id=?
Hibernate: delete from users where id=?
Hibernate: select u1_0.id from users u1_0 where u1_0.email=? fetch first ? rows only
Hibernate: insert into users (balance,created_at,email,name,password,role) values (?,?,?,?,?,?) returning id
Hibernate: select u1_0.id from users u1_0 where u1_0.email=? fetch first ? rows only
Hibernate: insert into users (balance,created_at,email,name,password,role) values (?,?,?,?,?,?) returning id
Hibernate: select u1_0.id,u1_0.balance,u1_0.created_at,u1_0.email,u1_0.name,u1_0.password,u1_0.role from users u1_0 where u1_0.email=?
Hibernate: select u1_0.id,u1_0.balance,u1_0.created_at,u1_0.email,u1_0.name,u1_0.password,u1_0.role from users u1_0 where u1_0.id=?
Hibernate: update users set balance=?,email=?,name=?,password=?,role=? where id=?
Hibernate: select u1_0.id,u1_0.balance,u1_0.created_at,u1_0.email,u1_0.name,u1_0.password,u1_0.role from users u1_0 where u1_0.email=?
Hibernate: select u1_0.id,u1_0.balance,u1_0.created_at,u1_0.email,u1_0.name,u1_0.password,u1_0.role from users u1_0 where u1_0.email=?
Hibernate: select u1_0.id,u1_0.balance,u1_0.created_at,u1_0.email,u1_0.name,u1_0.password,u1_0.role from users u1_0 where u1_0.email=?
Hibernate: select u1_0.id,u1_0.balance,u1_0.created_at,u1_0.email,u1_0.name,u1_0.password,u1_0.role from users u1_0 where u1_0.email=?
Hibernate: update users set balance=?,email=?,name=?,password=?,role=? where id=?
]]></system-out>
  </testcase>
  <testcase name="getProfile_shouldReturn200_whenAuthenticated" classname="com.ecommerce.ecommerce.user.UserControllerIntegrationTest" time="0.208">
    <system-out><![CDATA[Hibernate: select u1_0.id,u1_0.balance,u1_0.created_at,u1_0.email,u1_0.name,u1_0.password,u1_0.role from users u1_0
Hibernate: delete from users where id=?
Hibernate: delete from users where id=?
Hibernate: select u1_0.id from users u1_0 where u1_0.email=? fetch first ? rows only
Hibernate: insert into users (balance,created_at,email,name,password,role) values (?,?,?,?,?,?) returning id
Hibernate: select u1_0.id from users u1_0 where u1_0.email=? fetch first ? rows only
Hibernate: insert into users (balance,created_at,email,name,password,role) values (?,?,?,?,?,?) returning id
Hibernate: select u1_0.id,u1_0.balance,u1_0.created_at,u1_0.email,u1_0.name,u1_0.password,u1_0.role from users u1_0 where u1_0.email=?
Hibernate: select u1_0.id,u1_0.balance,u1_0.created_at,u1_0.email,u1_0.name,u1_0.password,u1_0.role from users u1_0 where u1_0.id=?
Hibernate: update users set balance=?,email=?,name=?,password=?,role=? where id=?
Hibernate: select u1_0.id,u1_0.balance,u1_0.created_at,u1_0.email,u1_0.name,u1_0.password,u1_0.role from users u1_0 where u1_0.email=?
Hibernate: select u1_0.id,u1_0.balance,u1_0.created_at,u1_0.email,u1_0.name,u1_0.password,u1_0.role from users u1_0 where u1_0.email=?
Hibernate: select u1_0.id,u1_0.balance,u1_0.created_at,u1_0.email,u1_0.name,u1_0.password,u1_0.role from users u1_0 where u1_0.email=?
Hibernate: select u1_0.id,u1_0.balance,u1_0.created_at,u1_0.email,u1_0.name,u1_0.password,u1_0.role from users u1_0 where u1_0.email=?
]]></system-out>
  </testcase>
  <testcase name="deposit_shouldReturn400_whenAmountIsZero" classname="com.ecommerce.ecommerce.user.UserControllerIntegrationTest" time="0.211">
    <failure message="Status expected:&lt;400&gt; but was:&lt;200&gt;" type="java.lang.AssertionError"><![CDATA[java.lang.AssertionError: Status expected:<400> but was:<200>
	at org.springframework.test.util.AssertionErrors.fail(AssertionErrors.java:59)
	at org.springframework.test.util.AssertionErrors.assertEquals(AssertionErrors.java:122)
	at org.springframework.test.web.servlet.result.StatusResultMatchers.lambda$matcher$9(StatusResultMatchers.java:637)
	at org.springframework.test.web.servlet.MockMvc$1.andExpect(MockMvc.java:214)
	at com.ecommerce.ecommerce.user.UserControllerIntegrationTest.deposit_shouldReturn400_whenAmountIsZero(UserControllerIntegrationTest.java:108)
	at java.base/java.lang.reflect.Method.invoke(Method.java:568)
	at java.base/java.util.ArrayList.forEach(ArrayList.java:1511)
	at java.base/java.util.ArrayList.forEach(ArrayList.java:1511)
]]></failure>
    <system-out><![CDATA[Hibernate: select u1_0.id,u1_0.balance,u1_0.created_at,u1_0.email,u1_0.name,u1_0.password,u1_0.role from users u1_0
Hibernate: delete from users where id=?
Hibernate: delete from users where id=?
Hibernate: select u1_0.id from users u1_0 where u1_0.email=? fetch first ? rows only
Hibernate: insert into users (balance,created_at,email,name,password,role) values (?,?,?,?,?,?) returning id
Hibernate: select u1_0.id from users u1_0 where u1_0.email=? fetch first ? rows only
Hibernate: insert into users (balance,created_at,email,name,password,role) values (?,?,?,?,?,?) returning id
Hibernate: select u1_0.id,u1_0.balance,u1_0.created_at,u1_0.email,u1_0.name,u1_0.password,u1_0.role from users u1_0 where u1_0.email=?
Hibernate: select u1_0.id,u1_0.balance,u1_0.created_at,u1_0.email,u1_0.name,u1_0.password,u1_0.role from users u1_0 where u1_0.id=?
Hibernate: update users set balance=?,email=?,name=?,password=?,role=? where id=?
Hibernate: select u1_0.id,u1_0.balance,u1_0.created_at,u1_0.email,u1_0.name,u1_0.password,u1_0.role from users u1_0 where u1_0.email=?
Hibernate: select u1_0.id,u1_0.balance,u1_0.created_at,u1_0.email,u1_0.name,u1_0.password,u1_0.role from users u1_0 where u1_0.email=?
Hibernate: select u1_0.id,u1_0.balance,u1_0.created_at,u1_0.email,u1_0.name,u1_0.password,u1_0.role from users u1_0 where u1_0.email=?
Hibernate: select u1_0.id,u1_0.balance,u1_0.created_at,u1_0.email,u1_0.name,u1_0.password,u1_0.role from users u1_0 where u1_0.email=?

MockHttpServletRequest:
      HTTP Method = POST
      Request URI = /api/auth/register
       Parameters = {}
          Headers = [Content-Type:"application/json;charset=UTF-8", Content-Length:"71"]
             Body = {"name":"Jane Doe","password":"password123","email":"jane@example.com"}
    Session Attrs = {}

Handler:
             Type = com.ecommerce.ecommerce.auth.AuthController
           Method = com.ecommerce.ecommerce.auth.AuthController#register(RegisterRequestDTO)

Async:
    Async started = false
     Async result = null

Resolved Exception:
             Type = null

ModelAndView:
        View name = null
             View = null
            Model = null

FlashMap:
       Attributes = null

MockHttpServletResponse:
           Status = 200
    Error message = null
          Headers = [Content-Type:"application/json", X-Content-Type-Options:"nosniff", X-XSS-Protection:"0", Cache-Control:"no-cache, no-store, max-age=0, must-revalidate", Pragma:"no-cache", Expires:"0", X-Frame-Options:"DENY"]
     Content type = application/json
             Body = {"token":"eyJhbGciOiJIUzI1NiJ9.eyJzdWIiOiJqYW5lQGV4YW1wbGUuY29tIiwicm9sZSI6IlVTRVIiLCJpYXQiOjE3Nzg1MzcyNjgsImV4cCI6MTc3ODYyMzY2OH0.y98Dyn8XseNPoQgf2GHhdsWBBOIzngKRVcoAeIh7r8E","name":"Jane Doe","email":"jane@example.com","role":"USER"}
    Forwarded URL = null
   Redirected URL = null
          Cookies = []

MockHttpServletRequest:
      HTTP Method = POST
      Request URI = /api/auth/register
       Parameters = {}
          Headers = [Content-Type:"application/json;charset=UTF-8", Content-Length:"71"]
             Body = {"name":"Admin User","password":"admin123","email":"admin@example.com"}
    Session Attrs = {}

Handler:
             Type = com.ecommerce.ecommerce.auth.AuthController
           Method = com.ecommerce.ecommerce.auth.AuthController#register(RegisterRequestDTO)

Async:
    Async started = false
     Async result = null

Resolved Exception:
             Type = null

ModelAndView:
        View name = null
             View = null
            Model = null

FlashMap:
       Attributes = null

MockHttpServletResponse:
           Status = 200
    Error message = null
          Headers = [Content-Type:"application/json", X-Content-Type-Options:"nosniff", X-XSS-Protection:"0", Cache-Control:"no-cache, no-store, max-age=0, must-revalidate", Pragma:"no-cache", Expires:"0", X-Frame-Options:"DENY"]
     Content type = application/json
             Body = {"token":"eyJhbGciOiJIUzI1NiJ9.eyJzdWIiOiJhZG1pbkBleGFtcGxlLmNvbSIsInJvbGUiOiJVU0VSIiwiaWF0IjoxNzc4NTM3MjY4LCJleHAiOjE3Nzg2MjM2Njh9.xhkiNcOUbXwELrNWO0RtWQ4ITvjLrOZ9KeYzCZndjCo","name":"Admin User","email":"admin@example.com","role":"USER"}
    Forwarded URL = null
   Redirected URL = null
          Cookies = []

MockHttpServletRequest:
      HTTP Method = POST
      Request URI = /api/auth/login
       Parameters = {}
          Headers = [Content-Type:"application/json;charset=UTF-8", Content-Length:"51"]
             Body = {"email":"admin@example.com","password":"admin123"}
    Session Attrs = {}

Handler:
             Type = com.ecommerce.ecommerce.auth.AuthController
           Method = com.ecommerce.ecommerce.auth.AuthController#login(LoginRequestDTO)

Async:
    Async started = false
     Async result = null

Resolved Exception:
             Type = null

ModelAndView:
        View name = null
             View = null
            Model = null

FlashMap:
       Attributes = null

MockHttpServletResponse:
           Status = 200
    Error message = null
          Headers = [Content-Type:"application/json", X-Content-Type-Options:"nosniff", X-XSS-Protection:"0", Cache-Control:"no-cache, no-store, max-age=0, must-revalidate", Pragma:"no-cache", Expires:"0", X-Frame-Options:"DENY"]
     Content type = application/json
             Body = {"token":"eyJhbGciOiJIUzI1NiJ9.eyJzdWIiOiJhZG1pbkBleGFtcGxlLmNvbSIsInJvbGUiOiJBRE1JTiIsImlhdCI6MTc3ODUzNzI2OCwiZXhwIjoxNzc4NjIzNjY4fQ.QBpEYzmvarNryL_7UiN17RTq-1eR1DLi1EDYFwb-FUo","name":"Admin User","email":"admin@example.com","role":"ADMIN"}
    Forwarded URL = null
   Redirected URL = null
          Cookies = []

MockHttpServletRequest:
      HTTP Method = POST
      Request URI = /api/users/me/deposit
       Parameters = {}
          Headers = [Content-Type:"application/json;charset=UTF-8", Authorization:"Bearer eyJhbGciOiJIUzI1NiJ9.eyJzdWIiOiJqYW5lQGV4YW1wbGUuY29tIiwicm9sZSI6IlVTRVIiLCJpYXQiOjE3Nzg1MzcyNjgsImV4cCI6MTc3ODYyMzY2OH0.y98Dyn8XseNPoQgf2GHhdsWBBOIzngKRVcoAeIh7r8E", Content-Length:"14"]
             Body = {"amount":0.0}
    Session Attrs = {}

Handler:
             Type = com.ecommerce.ecommerce.users.UserController
           Method = com.ecommerce.ecommerce.users.UserController#deposit(UserDetails, DepositRequestDTO)

Async:
    Async started = false
     Async result = null

Resolved Exception:
             Type = null

ModelAndView:
        View name = null
             View = null
            Model = null

FlashMap:
       Attributes = null

MockHttpServletResponse:
           Status = 200
    Error message = null
          Headers = [Content-Type:"application/json", X-Content-Type-Options:"nosniff", X-XSS-Protection:"0", Cache-Control:"no-cache, no-store, max-age=0, must-revalidate", Pragma:"no-cache", Expires:"0", X-Frame-Options:"DENY"]
     Content type = application/json
             Body = {"id":7,"name":"Jane Doe","email":"jane@example.com","role":"USER","balance":0.00,"createdAt":"2026-05-12T01:07:48.740276"}
    Forwarded URL = null
   Redirected URL = null
          Cookies = []
]]></system-out>
  </testcase>
  <testcase name="getProfile_shouldReturn401_whenNoToken" classname="com.ecommerce.ecommerce.user.UserControllerIntegrationTest" time="0.193">
    <failure message="Status expected:&lt;401&gt; but was:&lt;403&gt;" type="java.lang.AssertionError"><![CDATA[java.lang.AssertionError: Status expected:<401> but was:<403>
	at org.springframework.test.util.AssertionErrors.fail(AssertionErrors.java:59)
	at org.springframework.test.util.AssertionErrors.assertEquals(AssertionErrors.java:122)
	at org.springframework.test.web.servlet.result.StatusResultMatchers.lambda$matcher$9(StatusResultMatchers.java:637)
	at org.springframework.test.web.servlet.MockMvc$1.andExpect(MockMvc.java:214)
	at com.ecommerce.ecommerce.user.UserControllerIntegrationTest.getProfile_shouldReturn401_whenNoToken(UserControllerIntegrationTest.java:58)
	at java.base/java.lang.reflect.Method.invoke(Method.java:568)
	at java.base/java.util.ArrayList.forEach(ArrayList.java:1511)
	at java.base/java.util.ArrayList.forEach(ArrayList.java:1511)
]]></failure>
    <system-out><![CDATA[Hibernate: select u1_0.id,u1_0.balance,u1_0.created_at,u1_0.email,u1_0.name,u1_0.password,u1_0.role from users u1_0
Hibernate: delete from users where id=?
Hibernate: delete from users where id=?
Hibernate: select u1_0.id from users u1_0 where u1_0.email=? fetch first ? rows only
Hibernate: insert into users (balance,created_at,email,name,password,role) values (?,?,?,?,?,?) returning id
Hibernate: select u1_0.id from users u1_0 where u1_0.email=? fetch first ? rows only
Hibernate: insert into users (balance,created_at,email,name,password,role) values (?,?,?,?,?,?) returning id
Hibernate: select u1_0.id,u1_0.balance,u1_0.created_at,u1_0.email,u1_0.name,u1_0.password,u1_0.role from users u1_0 where u1_0.email=?
Hibernate: select u1_0.id,u1_0.balance,u1_0.created_at,u1_0.email,u1_0.name,u1_0.password,u1_0.role from users u1_0 where u1_0.id=?
Hibernate: update users set balance=?,email=?,name=?,password=?,role=? where id=?
Hibernate: select u1_0.id,u1_0.balance,u1_0.created_at,u1_0.email,u1_0.name,u1_0.password,u1_0.role from users u1_0 where u1_0.email=?
Hibernate: select u1_0.id,u1_0.balance,u1_0.created_at,u1_0.email,u1_0.name,u1_0.password,u1_0.role from users u1_0 where u1_0.email=?

MockHttpServletRequest:
      HTTP Method = POST
      Request URI = /api/auth/register
       Parameters = {}
          Headers = [Content-Type:"application/json;charset=UTF-8", Content-Length:"71"]
             Body = {"name":"Jane Doe","password":"password123","email":"jane@example.com"}
    Session Attrs = {}

Handler:
             Type = com.ecommerce.ecommerce.auth.AuthController
           Method = com.ecommerce.ecommerce.auth.AuthController#register(RegisterRequestDTO)

Async:
    Async started = false
     Async result = null

Resolved Exception:
             Type = null

ModelAndView:
        View name = null
             View = null
            Model = null

FlashMap:
       Attributes = null

MockHttpServletResponse:
           Status = 200
    Error message = null
          Headers = [Content-Type:"application/json", X-Content-Type-Options:"nosniff", X-XSS-Protection:"0", Cache-Control:"no-cache, no-store, max-age=0, must-revalidate", Pragma:"no-cache", Expires:"0", X-Frame-Options:"DENY"]
     Content type = application/json
             Body = {"token":"eyJhbGciOiJIUzI1NiJ9.eyJzdWIiOiJqYW5lQGV4YW1wbGUuY29tIiwicm9sZSI6IlVTRVIiLCJpYXQiOjE3Nzg1MzcyNjgsImV4cCI6MTc3ODYyMzY2OH0.y98Dyn8XseNPoQgf2GHhdsWBBOIzngKRVcoAeIh7r8E","name":"Jane Doe","email":"jane@example.com","role":"USER"}
    Forwarded URL = null
   Redirected URL = null
          Cookies = []

MockHttpServletRequest:
      HTTP Method = POST
      Request URI = /api/auth/register
       Parameters = {}
          Headers = [Content-Type:"application/json;charset=UTF-8", Content-Length:"71"]
             Body = {"name":"Admin User","password":"admin123","email":"admin@example.com"}
    Session Attrs = {}

Handler:
             Type = com.ecommerce.ecommerce.auth.AuthController
           Method = com.ecommerce.ecommerce.auth.AuthController#register(RegisterRequestDTO)

Async:
    Async started = false
     Async result = null

Resolved Exception:
             Type = null

ModelAndView:
        View name = null
             View = null
            Model = null

FlashMap:
       Attributes = null

MockHttpServletResponse:
           Status = 200
    Error message = null
          Headers = [Content-Type:"application/json", X-Content-Type-Options:"nosniff", X-XSS-Protection:"0", Cache-Control:"no-cache, no-store, max-age=0, must-revalidate", Pragma:"no-cache", Expires:"0", X-Frame-Options:"DENY"]
     Content type = application/json
             Body = {"token":"eyJhbGciOiJIUzI1NiJ9.eyJzdWIiOiJhZG1pbkBleGFtcGxlLmNvbSIsInJvbGUiOiJVU0VSIiwiaWF0IjoxNzc4NTM3MjY5LCJleHAiOjE3Nzg2MjM2Njl9.1l2Rx8c26YjAOQxtIiKuOVGDZx67B-J9R6-pW584kv4","name":"Admin User","email":"admin@example.com","role":"USER"}
    Forwarded URL = null
   Redirected URL = null
          Cookies = []

MockHttpServletRequest:
      HTTP Method = POST
      Request URI = /api/auth/login
       Parameters = {}
          Headers = [Content-Type:"application/json;charset=UTF-8", Content-Length:"51"]
             Body = {"email":"admin@example.com","password":"admin123"}
    Session Attrs = {}

Handler:
             Type = com.ecommerce.ecommerce.auth.AuthController
           Method = com.ecommerce.ecommerce.auth.AuthController#login(LoginRequestDTO)

Async:
    Async started = false
     Async result = null

Resolved Exception:
             Type = null

ModelAndView:
        View name = null
             View = null
            Model = null

FlashMap:
       Attributes = null

MockHttpServletResponse:
           Status = 200
    Error message = null
          Headers = [Content-Type:"application/json", X-Content-Type-Options:"nosniff", X-XSS-Protection:"0", Cache-Control:"no-cache, no-store, max-age=0, must-revalidate", Pragma:"no-cache", Expires:"0", X-Frame-Options:"DENY"]
     Content type = application/json
             Body = {"token":"eyJhbGciOiJIUzI1NiJ9.eyJzdWIiOiJhZG1pbkBleGFtcGxlLmNvbSIsInJvbGUiOiJBRE1JTiIsImlhdCI6MTc3ODUzNzI2OSwiZXhwIjoxNzc4NjIzNjY5fQ.x6CH359X542tLjTy58c2rHa02gTkIbvinnVKbYFrP7E","name":"Admin User","email":"admin@example.com","role":"ADMIN"}
    Forwarded URL = null
   Redirected URL = null
          Cookies = []

MockHttpServletRequest:
      HTTP Method = GET
      Request URI = /api/users/me
       Parameters = {}
          Headers = []
             Body = null
    Session Attrs = {}

Handler:
             Type = null

Async:
    Async started = false
     Async result = null

Resolved Exception:
             Type = null

ModelAndView:
        View name = null
             View = null
            Model = null

FlashMap:
       Attributes = null

MockHttpServletResponse:
           Status = 403
    Error message = Access Denied
          Headers = [X-Content-Type-Options:"nosniff", X-XSS-Protection:"0", Cache-Control:"no-cache, no-store, max-age=0, must-revalidate", Pragma:"no-cache", Expires:"0", X-Frame-Options:"DENY"]
     Content type = null
             Body = 
    Forwarded URL = null
   Redirected URL = null
          Cookies = []
]]></system-out>
  </testcase>
  <testcase name="deposit_shouldReturn200AndUpdatedBalance" classname="com.ecommerce.ecommerce.user.UserControllerIntegrationTest" time="0.211">
    <system-out><![CDATA[Hibernate: select u1_0.id,u1_0.balance,u1_0.created_at,u1_0.email,u1_0.name,u1_0.password,u1_0.role from users u1_0
Hibernate: delete from users where id=?
Hibernate: delete from users where id=?
Hibernate: select u1_0.id from users u1_0 where u1_0.email=? fetch first ? rows only
Hibernate: insert into users (balance,created_at,email,name,password,role) values (?,?,?,?,?,?) returning id
Hibernate: select u1_0.id from users u1_0 where u1_0.email=? fetch first ? rows only
Hibernate: insert into users (balance,created_at,email,name,password,role) values (?,?,?,?,?,?) returning id
Hibernate: select u1_0.id,u1_0.balance,u1_0.created_at,u1_0.email,u1_0.name,u1_0.password,u1_0.role from users u1_0 where u1_0.email=?
Hibernate: select u1_0.id,u1_0.balance,u1_0.created_at,u1_0.email,u1_0.name,u1_0.password,u1_0.role from users u1_0 where u1_0.id=?
Hibernate: update users set balance=?,email=?,name=?,password=?,role=? where id=?
Hibernate: select u1_0.id,u1_0.balance,u1_0.created_at,u1_0.email,u1_0.name,u1_0.password,u1_0.role from users u1_0 where u1_0.email=?
Hibernate: select u1_0.id,u1_0.balance,u1_0.created_at,u1_0.email,u1_0.name,u1_0.password,u1_0.role from users u1_0 where u1_0.email=?
Hibernate: select u1_0.id,u1_0.balance,u1_0.created_at,u1_0.email,u1_0.name,u1_0.password,u1_0.role from users u1_0 where u1_0.email=?
Hibernate: select u1_0.id,u1_0.balance,u1_0.created_at,u1_0.email,u1_0.name,u1_0.password,u1_0.role from users u1_0 where u1_0.email=?
Hibernate: update users set balance=?,email=?,name=?,password=?,role=? where id=?
]]></system-out>
  </testcase>
  <testcase name="getAllUsers_shouldReturn403_whenNotAdmin" classname="com.ecommerce.ecommerce.user.UserControllerIntegrationTest" time="0.199">
    <system-out><![CDATA[Hibernate: select u1_0.id,u1_0.balance,u1_0.created_at,u1_0.email,u1_0.name,u1_0.password,u1_0.role from users u1_0
Hibernate: delete from users where id=?
Hibernate: delete from users where id=?
Hibernate: select u1_0.id from users u1_0 where u1_0.email=? fetch first ? rows only
Hibernate: insert into users (balance,created_at,email,name,password,role) values (?,?,?,?,?,?) returning id
Hibernate: select u1_0.id from users u1_0 where u1_0.email=? fetch first ? rows only
Hibernate: insert into users (balance,created_at,email,name,password,role) values (?,?,?,?,?,?) returning id
Hibernate: select u1_0.id,u1_0.balance,u1_0.created_at,u1_0.email,u1_0.name,u1_0.password,u1_0.role from users u1_0 where u1_0.email=?
Hibernate: select u1_0.id,u1_0.balance,u1_0.created_at,u1_0.email,u1_0.name,u1_0.password,u1_0.role from users u1_0 where u1_0.id=?
Hibernate: update users set balance=?,email=?,name=?,password=?,role=? where id=?
Hibernate: select u1_0.id,u1_0.balance,u1_0.created_at,u1_0.email,u1_0.name,u1_0.password,u1_0.role from users u1_0 where u1_0.email=?
Hibernate: select u1_0.id,u1_0.balance,u1_0.created_at,u1_0.email,u1_0.name,u1_0.password,u1_0.role from users u1_0 where u1_0.email=?
Hibernate: select u1_0.id,u1_0.balance,u1_0.created_at,u1_0.email,u1_0.name,u1_0.password,u1_0.role from users u1_0 where u1_0.email=?
]]></system-out>
  </testcase>
  <testcase name="getAllUsers_shouldReturn200_whenAdmin" classname="com.ecommerce.ecommerce.user.UserControllerIntegrationTest" time="0.224">
    <system-out><![CDATA[Hibernate: select u1_0.id,u1_0.balance,u1_0.created_at,u1_0.email,u1_0.name,u1_0.password,u1_0.role from users u1_0
Hibernate: delete from users where id=?
Hibernate: delete from users where id=?
Hibernate: select u1_0.id from users u1_0 where u1_0.email=? fetch first ? rows only
Hibernate: insert into users (balance,created_at,email,name,password,role) values (?,?,?,?,?,?) returning id
Hibernate: select u1_0.id from users u1_0 where u1_0.email=? fetch first ? rows only
Hibernate: insert into users (balance,created_at,email,name,password,role) values (?,?,?,?,?,?) returning id
Hibernate: select u1_0.id,u1_0.balance,u1_0.created_at,u1_0.email,u1_0.name,u1_0.password,u1_0.role from users u1_0 where u1_0.email=?
Hibernate: select u1_0.id,u1_0.balance,u1_0.created_at,u1_0.email,u1_0.name,u1_0.password,u1_0.role from users u1_0 where u1_0.id=?
Hibernate: update users set balance=?,email=?,name=?,password=?,role=? where id=?
Hibernate: select u1_0.id,u1_0.balance,u1_0.created_at,u1_0.email,u1_0.name,u1_0.password,u1_0.role from users u1_0 where u1_0.email=?
Hibernate: select u1_0.id,u1_0.balance,u1_0.created_at,u1_0.email,u1_0.name,u1_0.password,u1_0.role from users u1_0 where u1_0.email=?
Hibernate: select u1_0.id,u1_0.balance,u1_0.created_at,u1_0.email,u1_0.name,u1_0.password,u1_0.role from users u1_0 where u1_0.email=?
Hibernate: select u1_0.id,u1_0.balance,u1_0.created_at,u1_0.email,u1_0.name,u1_0.password,u1_0.role from users u1_0
]]></system-out>
  </testcase>
  <testcase name="deleteUser_shouldReturn204_whenAdmin" classname="com.ecommerce.ecommerce.user.UserControllerIntegrationTest" time="0.376">
    <system-out><![CDATA[Hibernate: select u1_0.id,u1_0.balance,u1_0.created_at,u1_0.email,u1_0.name,u1_0.password,u1_0.role from users u1_0
Hibernate: delete from users where id=?
Hibernate: delete from users where id=?
Hibernate: select u1_0.id from users u1_0 where u1_0.email=? fetch first ? rows only
Hibernate: insert into users (balance,created_at,email,name,password,role) values (?,?,?,?,?,?) returning id
Hibernate: select u1_0.id from users u1_0 where u1_0.email=? fetch first ? rows only
Hibernate: insert into users (balance,created_at,email,name,password,role) values (?,?,?,?,?,?) returning id
Hibernate: select u1_0.id,u1_0.balance,u1_0.created_at,u1_0.email,u1_0.name,u1_0.password,u1_0.role from users u1_0 where u1_0.email=?
Hibernate: select u1_0.id,u1_0.balance,u1_0.created_at,u1_0.email,u1_0.name,u1_0.password,u1_0.role from users u1_0 where u1_0.id=?
Hibernate: update users set balance=?,email=?,name=?,password=?,role=? where id=?
Hibernate: select u1_0.id,u1_0.balance,u1_0.created_at,u1_0.email,u1_0.name,u1_0.password,u1_0.role from users u1_0 where u1_0.email=?
Hibernate: select u1_0.id,u1_0.balance,u1_0.created_at,u1_0.email,u1_0.name,u1_0.password,u1_0.role from users u1_0 where u1_0.email=?
Hibernate: select u1_0.id,u1_0.balance,u1_0.created_at,u1_0.email,u1_0.name,u1_0.password,u1_0.role from users u1_0 where u1_0.email=?
Hibernate: select u1_0.id,u1_0.balance,u1_0.created_at,u1_0.email,u1_0.name,u1_0.password,u1_0.role from users u1_0 where u1_0.email=?
Hibernate: select u1_0.id,u1_0.balance,u1_0.created_at,u1_0.email,u1_0.name,u1_0.password,u1_0.role from users u1_0 where u1_0.email=?
Hibernate: select count(*) from users u1_0 where u1_0.id=?
Hibernate: select u1_0.id,u1_0.balance,u1_0.created_at,u1_0.email,u1_0.name,u1_0.password,u1_0.role from users u1_0 where u1_0.id=?
Hibernate: delete from users where id=?
]]></system-out>
  </testcase>
  <testcase name="updateProfile_shouldReturn400_whenNameBlank" classname="com.ecommerce.ecommerce.user.UserControllerIntegrationTest" time="0.203">
    <failure message="Status expected:&lt;400&gt; but was:&lt;200&gt;" type="java.lang.AssertionError"><![CDATA[java.lang.AssertionError: Status expected:<400> but was:<200>
	at org.springframework.test.util.AssertionErrors.fail(AssertionErrors.java:59)
	at org.springframework.test.util.AssertionErrors.assertEquals(AssertionErrors.java:122)
	at org.springframework.test.web.servlet.result.StatusResultMatchers.lambda$matcher$9(StatusResultMatchers.java:637)
	at org.springframework.test.web.servlet.MockMvc$1.andExpect(MockMvc.java:214)
	at com.ecommerce.ecommerce.user.UserControllerIntegrationTest.updateProfile_shouldReturn400_whenNameBlank(UserControllerIntegrationTest.java:83)
	at java.base/java.lang.reflect.Method.invoke(Method.java:568)
	at java.base/java.util.ArrayList.forEach(ArrayList.java:1511)
	at java.base/java.util.ArrayList.forEach(ArrayList.java:1511)
]]></failure>
    <system-out><![CDATA[Hibernate: select u1_0.id,u1_0.balance,u1_0.created_at,u1_0.email,u1_0.name,u1_0.password,u1_0.role from users u1_0
Hibernate: delete from users where id=?
Hibernate: select u1_0.id from users u1_0 where u1_0.email=? fetch first ? rows only
Hibernate: insert into users (balance,created_at,email,name,password,role) values (?,?,?,?,?,?) returning id
Hibernate: select u1_0.id from users u1_0 where u1_0.email=? fetch first ? rows only
Hibernate: insert into users (balance,created_at,email,name,password,role) values (?,?,?,?,?,?) returning id
Hibernate: select u1_0.id,u1_0.balance,u1_0.created_at,u1_0.email,u1_0.name,u1_0.password,u1_0.role from users u1_0 where u1_0.email=?
Hibernate: select u1_0.id,u1_0.balance,u1_0.created_at,u1_0.email,u1_0.name,u1_0.password,u1_0.role from users u1_0 where u1_0.id=?
Hibernate: update users set balance=?,email=?,name=?,password=?,role=? where id=?
Hibernate: select u1_0.id,u1_0.balance,u1_0.created_at,u1_0.email,u1_0.name,u1_0.password,u1_0.role from users u1_0 where u1_0.email=?
Hibernate: select u1_0.id,u1_0.balance,u1_0.created_at,u1_0.email,u1_0.name,u1_0.password,u1_0.role from users u1_0 where u1_0.email=?
Hibernate: select u1_0.id,u1_0.balance,u1_0.created_at,u1_0.email,u1_0.name,u1_0.password,u1_0.role from users u1_0 where u1_0.email=?
Hibernate: select u1_0.id,u1_0.balance,u1_0.created_at,u1_0.email,u1_0.name,u1_0.password,u1_0.role from users u1_0 where u1_0.email=?
Hibernate: update users set balance=?,email=?,name=?,password=?,role=? where id=?

MockHttpServletRequest:
      HTTP Method = POST
      Request URI = /api/auth/register
       Parameters = {}
          Headers = [Content-Type:"application/json;charset=UTF-8", Content-Length:"71"]
             Body = {"name":"Jane Doe","password":"password123","email":"jane@example.com"}
    Session Attrs = {}

Handler:
             Type = com.ecommerce.ecommerce.auth.AuthController
           Method = com.ecommerce.ecommerce.auth.AuthController#register(RegisterRequestDTO)

Async:
    Async started = false
     Async result = null

Resolved Exception:
             Type = null

ModelAndView:
        View name = null
             View = null
            Model = null

FlashMap:
       Attributes = null

MockHttpServletResponse:
           Status = 200
    Error message = null
          Headers = [Content-Type:"application/json", X-Content-Type-Options:"nosniff", X-XSS-Protection:"0", Cache-Control:"no-cache, no-store, max-age=0, must-revalidate", Pragma:"no-cache", Expires:"0", X-Frame-Options:"DENY"]
     Content type = application/json
             Body = {"token":"eyJhbGciOiJIUzI1NiJ9.eyJzdWIiOiJqYW5lQGV4YW1wbGUuY29tIiwicm9sZSI6IlVTRVIiLCJpYXQiOjE3Nzg1MzcyNzAsImV4cCI6MTc3ODYyMzY3MH0.gNNfdmgOzxKFtkwpZBAaCJtdWsY0LqRO8POif0oNH1U","name":"Jane Doe","email":"jane@example.com","role":"USER"}
    Forwarded URL = null
   Redirected URL = null
          Cookies = []

MockHttpServletRequest:
      HTTP Method = POST
      Request URI = /api/auth/register
       Parameters = {}
          Headers = [Content-Type:"application/json;charset=UTF-8", Content-Length:"71"]
             Body = {"name":"Admin User","password":"admin123","email":"admin@example.com"}
    Session Attrs = {}

Handler:
             Type = com.ecommerce.ecommerce.auth.AuthController
           Method = com.ecommerce.ecommerce.auth.AuthController#register(RegisterRequestDTO)

Async:
    Async started = false
     Async result = null

Resolved Exception:
             Type = null

ModelAndView:
        View name = null
             View = null
            Model = null

FlashMap:
       Attributes = null

MockHttpServletResponse:
           Status = 200
    Error message = null
          Headers = [Content-Type:"application/json", X-Content-Type-Options:"nosniff", X-XSS-Protection:"0", Cache-Control:"no-cache, no-store, max-age=0, must-revalidate", Pragma:"no-cache", Expires:"0", X-Frame-Options:"DENY"]
     Content type = application/json
             Body = {"token":"eyJhbGciOiJIUzI1NiJ9.eyJzdWIiOiJhZG1pbkBleGFtcGxlLmNvbSIsInJvbGUiOiJVU0VSIiwiaWF0IjoxNzc4NTM3MjcwLCJleHAiOjE3Nzg2MjM2NzB9.t6Em3APX_JgfEMeLj3IiPnS6TsgVh4lWqncF3Ln4YPs","name":"Admin User","email":"admin@example.com","role":"USER"}
    Forwarded URL = null
   Redirected URL = null
          Cookies = []

MockHttpServletRequest:
      HTTP Method = POST
      Request URI = /api/auth/login
       Parameters = {}
          Headers = [Content-Type:"application/json;charset=UTF-8", Content-Length:"51"]
             Body = {"email":"admin@example.com","password":"admin123"}
    Session Attrs = {}

Handler:
             Type = com.ecommerce.ecommerce.auth.AuthController
           Method = com.ecommerce.ecommerce.auth.AuthController#login(LoginRequestDTO)

Async:
    Async started = false
     Async result = null

Resolved Exception:
             Type = null

ModelAndView:
        View name = null
             View = null
            Model = null

FlashMap:
       Attributes = null

MockHttpServletResponse:
           Status = 200
    Error message = null
          Headers = [Content-Type:"application/json", X-Content-Type-Options:"nosniff", X-XSS-Protection:"0", Cache-Control:"no-cache, no-store, max-age=0, must-revalidate", Pragma:"no-cache", Expires:"0", X-Frame-Options:"DENY"]
     Content type = application/json
             Body = {"token":"eyJhbGciOiJIUzI1NiJ9.eyJzdWIiOiJhZG1pbkBleGFtcGxlLmNvbSIsInJvbGUiOiJBRE1JTiIsImlhdCI6MTc3ODUzNzI3MCwiZXhwIjoxNzc4NjIzNjcwfQ.B_6H2kvrXegpynZ18k8qMamC4zPpJjjMu0-r5y7yhJk","name":"Admin User","email":"admin@example.com","role":"ADMIN"}
    Forwarded URL = null
   Redirected URL = null
          Cookies = []

MockHttpServletRequest:
      HTTP Method = PUT
      Request URI = /api/users/me
       Parameters = {}
          Headers = [Content-Type:"application/json;charset=UTF-8", Authorization:"Bearer eyJhbGciOiJIUzI1NiJ9.eyJzdWIiOiJqYW5lQGV4YW1wbGUuY29tIiwicm9sZSI6IlVTRVIiLCJpYXQiOjE3Nzg1MzcyNzAsImV4cCI6MTc3ODYyMzY3MH0.gNNfdmgOzxKFtkwpZBAaCJtdWsY0LqRO8POif0oNH1U", Content-Length:"11"]
             Body = {"name":""}
    Session Attrs = {}

Handler:
             Type = com.ecommerce.ecommerce.users.UserController
           Method = com.ecommerce.ecommerce.users.UserController#updateProfile(UserDetails, UpdateUserRequestDTO)

Async:
    Async started = false
     Async result = null

Resolved Exception:
             Type = null

ModelAndView:
        View name = null
             View = null
            Model = null

FlashMap:
       Attributes = null

MockHttpServletResponse:
           Status = 200
    Error message = null
          Headers = [Content-Type:"application/json", X-Content-Type-Options:"nosniff", X-XSS-Protection:"0", Cache-Control:"no-cache, no-store, max-age=0, must-revalidate", Pragma:"no-cache", Expires:"0", X-Frame-Options:"DENY"]
     Content type = application/json
             Body = {"id":19,"name":"","email":"jane@example.com","role":"USER","balance":0.00,"createdAt":"2026-05-12T01:07:50.154631"}
    Forwarded URL = null
   Redirected URL = null
          Cookies = []
]]></system-out>
  </testcase>
</testsuite>