<?xml version="1.0" encoding="UTF-8"?>
<testsuite xmlns:xsi="http://www.w3.org/2001/XMLSchema-instance" xsi:noNamespaceSchemaLocation="https://maven.apache.org/surefire/maven-surefire-plugin/xsd/surefire-test-report-3.0.xsd" version="3.0" name="com.ecommerce.ecommerce.auth.AuthControllerIntegrationTest" time="44.63" tests="5" errors="2" skipped="0" failures="1">
  <properties>
[...]
</properties>
  <testcase name="register_shouldReturn400_whenFieldsMissing" classname="com.ecommerce.ecommerce.auth.AuthControllerIntegrationTest" time="0.582">
    <error message="Request processing failed: java.lang.IllegalArgumentException: rawPassword cannot be null" type="jakarta.servlet.ServletException"><![CDATA[jakarta.servlet.ServletException: Request processing failed: java.lang.IllegalArgumentException: rawPassword cannot be null
	at org.springframework.web.servlet.FrameworkServlet.processRequest(FrameworkServlet.java:1022)
	at org.springframework.web.servlet.FrameworkServlet.doPost(FrameworkServlet.java:914)
	at jakarta.servlet.http.HttpServlet.service(HttpServlet.java:590)
	at org.springframework.web.servlet.FrameworkServlet.service(FrameworkServlet.java:885)
	at org.springframework.test.web.servlet.TestDispatcherServlet.service(TestDispatcherServlet.java:72)
	at jakarta.servlet.http.HttpServlet.service(HttpServlet.java:658)
	at org.springframework.mock.web.MockFilterChain$ServletFilterProxy.doFilter(MockFilterChain.java:165)
	at org.springframework.mock.web.MockFilterChain.doFilter(MockFilterChain.java:132)
	at org.springframework.web.filter.OncePerRequestFilter.doFilter(OncePerRequestFilter.java:110)
	at org.springframework.test.web.servlet.setup.MockMvcFilterDecorator.doFilter(MockMvcFilterDecorator.java:151)
	at org.springframework.mock.web.MockFilterChain.doFilter(MockFilterChain.java:132)
	at org.springframework.web.filter.CompositeFilter$VirtualFilterChain.doFilter(CompositeFilter.java:108)
	at org.springframework.security.web.FilterChainProxy.lambda$doFilterInternal$3(FilterChainProxy.java:231)
	at org.springframework.security.web.FilterChainProxy$VirtualFilterChain.doFilter(FilterChainProxy.java:365)
	at org.springframework.security.web.access.intercept.AuthorizationFilter.doFilter(AuthorizationFilter.java:100)
	at org.springframework.security.web.FilterChainProxy$VirtualFilterChain.doFilter(FilterChainProxy.java:374)
	at org.springframework.security.web.access.ExceptionTranslationFilter.doFilter(ExceptionTranslationFilter.java:126)
	at org.springframework.security.web.access.ExceptionTranslationFilter.doFilter(ExceptionTranslationFilter.java:120)
	at org.springframework.security.web.FilterChainProxy$VirtualFilterChain.doFilter(FilterChainProxy.java:374)
	at org.springframework.security.web.session.SessionManagementFilter.doFilter(SessionManagementFilter.java:131)
	at org.springframework.security.web.session.SessionManagementFilter.doFilter(SessionManagementFilter.java:85)
	at org.springframework.security.web.FilterChainProxy$VirtualFilterChain.doFilter(FilterChainProxy.java:374)
	at org.springframework.security.web.authentication.AnonymousAuthenticationFilter.doFilter(AnonymousAuthenticationFilter.java:100)
	at org.springframework.security.web.FilterChainProxy$VirtualFilterChain.doFilter(FilterChainProxy.java:374)
	at org.springframework.security.web.servletapi.SecurityContextHolderAwareRequestFilter.doFilter(SecurityContextHolderAwareRequestFilter.java:179)
	at org.springframework.security.web.FilterChainProxy$VirtualFilterChain.doFilter(FilterChainProxy.java:374)
	at org.springframework.security.web.savedrequest.RequestCacheAwareFilter.doFilter(RequestCacheAwareFilter.java:63)
	at org.springframework.security.web.FilterChainProxy$VirtualFilterChain.doFilter(FilterChainProxy.java:374)
	at com.ecommerce.ecommerce.security.JwtAuthFilter.doFilterInternal(JwtAuthFilter.java:37)
	at org.springframework.web.filter.OncePerRequestFilter.doFilter(OncePerRequestFilter.java:116)
	at org.springframework.security.web.FilterChainProxy$VirtualFilterChain.doFilter(FilterChainProxy.java:374)
	at org.springframework.security.web.authentication.logout.LogoutFilter.doFilter(LogoutFilter.java:107)
	at org.springframework.security.web.authentication.logout.LogoutFilter.doFilter(LogoutFilter.java:93)
	at org.springframework.security.web.FilterChainProxy$VirtualFilterChain.doFilter(FilterChainProxy.java:374)
	at org.springframework.security.web.header.HeaderWriterFilter.doHeadersAfter(HeaderWriterFilter.java:90)
	at org.springframework.security.web.header.HeaderWriterFilter.doFilterInternal(HeaderWriterFilter.java:75)
	at org.springframework.web.filter.OncePerRequestFilter.doFilter(OncePerRequestFilter.java:116)
	at org.springframework.security.web.FilterChainProxy$VirtualFilterChain.doFilter(FilterChainProxy.java:374)
	at org.springframework.security.web.context.SecurityContextHolderFilter.doFilter(SecurityContextHolderFilter.java:82)
	at org.springframework.security.web.context.SecurityContextHolderFilter.doFilter(SecurityContextHolderFilter.java:69)
	at org.springframework.security.web.FilterChainProxy$VirtualFilterChain.doFilter(FilterChainProxy.java:374)
	at org.springframework.security.web.context.request.async.WebAsyncManagerIntegrationFilter.doFilterInternal(WebAsyncManagerIntegrationFilter.java:62)
	at org.springframework.web.filter.OncePerRequestFilter.doFilter(OncePerRequestFilter.java:116)
	at org.springframework.security.web.FilterChainProxy$VirtualFilterChain.doFilter(FilterChainProxy.java:374)
	at org.springframework.security.web.session.DisableEncodeUrlFilter.doFilterInternal(DisableEncodeUrlFilter.java:42)
	at org.springframework.web.filter.OncePerRequestFilter.doFilter(OncePerRequestFilter.java:116)
	at org.springframework.security.web.FilterChainProxy$VirtualFilterChain.doFilter(FilterChainProxy.java:374)
	at org.springframework.security.web.FilterChainProxy.doFilterInternal(FilterChainProxy.java:233)
	at org.springframework.security.web.FilterChainProxy.doFilter(FilterChainProxy.java:191)
	at org.springframework.web.filter.CompositeFilter$VirtualFilterChain.doFilter(CompositeFilter.java:113)
	at org.springframework.web.servlet.handler.HandlerMappingIntrospector.lambda$createCacheFilter$3(HandlerMappingIntrospector.java:195)
	at org.springframework.web.filter.CompositeFilter$VirtualFilterChain.doFilter(CompositeFilter.java:113)
	at org.springframework.web.filter.CompositeFilter.doFilter(CompositeFilter.java:74)
	at org.springframework.security.config.annotation.web.configuration.WebMvcSecurityConfiguration$CompositeFilterChainProxy.doFilter(WebMvcSecurityConfiguration.java:230)
	at org.springframework.web.filter.DelegatingFilterProxy.invokeDelegate(DelegatingFilterProxy.java:352)
	at org.springframework.web.filter.DelegatingFilterProxy.doFilter(DelegatingFilterProxy.java:268)
	at org.springframework.test.web.servlet.setup.MockMvcFilterDecorator.doFilter(MockMvcFilterDecorator.java:151)
	at org.springframework.mock.web.MockFilterChain.doFilter(MockFilterChain.java:132)
	at org.springframework.web.filter.RequestContextFilter.doFilterInternal(RequestContextFilter.java:100)
	at org.springframework.web.filter.OncePerRequestFilter.doFilter(OncePerRequestFilter.java:116)
	at org.springframework.test.web.servlet.setup.MockMvcFilterDecorator.doFilter(MockMvcFilterDecorator.java:151)
	at org.springframework.mock.web.MockFilterChain.doFilter(MockFilterChain.java:132)
	at org.springframework.web.filter.FormContentFilter.doFilterInternal(FormContentFilter.java:93)
	at org.springframework.web.filter.OncePerRequestFilter.doFilter(OncePerRequestFilter.java:116)
	at org.springframework.test.web.servlet.setup.MockMvcFilterDecorator.doFilter(MockMvcFilterDecorator.java:151)
	at org.springframework.mock.web.MockFilterChain.doFilter(MockFilterChain.java:132)
	at org.springframework.web.filter.CharacterEncodingFilter.doFilterInternal(CharacterEncodingFilter.java:201)
	at org.springframework.web.filter.OncePerRequestFilter.doFilter(OncePerRequestFilter.java:116)
	at org.springframework.test.web.servlet.setup.MockMvcFilterDecorator.doFilter(MockMvcFilterDecorator.java:151)
	at org.springframework.mock.web.MockFilterChain.doFilter(MockFilterChain.java:132)
	at org.springframework.test.web.servlet.MockMvc.perform(MockMvc.java:201)
	at com.ecommerce.ecommerce.auth.AuthControllerIntegrationTest.register_shouldReturn400_whenFieldsMissing(AuthControllerIntegrationTest.java:80)
	at java.base/java.lang.reflect.Method.invoke(Method.java:568)
	at java.base/java.util.ArrayList.forEach(ArrayList.java:1511)
	at java.base/java.util.ArrayList.forEach(ArrayList.java:1511)
Caused by: java.lang.IllegalArgumentException: rawPassword cannot be null
	at org.springframework.security.crypto.bcrypt.BCryptPasswordEncoder.encode(BCryptPasswordEncoder.java:107)
	at com.ecommerce.ecommerce.auth.AuthService.register(AuthService.java:42)
	at com.ecommerce.ecommerce.auth.AuthController.register(AuthController.java:24)
	at java.base/jdk.internal.reflect.NativeMethodAccessorImpl.invoke0(Native Method)
	at java.base/jdk.internal.reflect.NativeMethodAccessorImpl.invoke(NativeMethodAccessorImpl.java:77)
	at java.base/jdk.internal.reflect.DelegatingMethodAccessorImpl.invoke(DelegatingMethodAccessorImpl.java:43)
	at java.base/java.lang.reflect.Method.invoke(Method.java:568)
	at org.springframework.web.method.support.InvocableHandlerMethod.doInvoke(InvocableHandlerMethod.java:255)
	at org.springframework.web.method.support.InvocableHandlerMethod.invokeForRequest(InvocableHandlerMethod.java:188)
	at org.springframework.web.servlet.mvc.method.annotation.ServletInvocableHandlerMethod.invokeAndHandle(ServletInvocableHandlerMethod.java:118)
	at org.springframework.web.servlet.mvc.method.annotation.RequestMappingHandlerAdapter.invokeHandlerMethod(RequestMappingHandlerAdapter.java:926)
	at org.springframework.web.servlet.mvc.method.annotation.RequestMappingHandlerAdapter.handleInternal(RequestMappingHandlerAdapter.java:831)
	at org.springframework.web.servlet.mvc.method.AbstractHandlerMethodAdapter.handle(AbstractHandlerMethodAdapter.java:87)
	at org.springframework.web.servlet.DispatcherServlet.doDispatch(DispatcherServlet.java:1089)
	at org.springframework.web.servlet.DispatcherServlet.doService(DispatcherServlet.java:979)
	at org.springframework.web.servlet.FrameworkServlet.processRequest(FrameworkServlet.java:1014)
	... 74 more
]]></error>
    <system-out><![CDATA[01:07:02.763 [main] INFO org.springframework.test.context.support.AnnotationConfigContextLoaderUtils -- Could not detect default configuration classes for test class [com.ecommerce.ecommerce.auth.AuthControllerIntegrationTest]: AuthControllerIntegrationTest does not declare any static, non-private, non-final, nested classes annotated with @Configuration.
01:07:02.872 [main] INFO org.springframework.boot.test.context.SpringBootTestContextBootstrapper -- Found @SpringBootConfiguration com.ecommerce.ecommerce.EcommerceApplication for test class com.ecommerce.ecommerce.auth.AuthControllerIntegrationTest

  .   ____          _            __ _ _
 /\\ / ___'_ __ _ _(_)_ __  __ _ \ \ \ \
( ( )\___ | '_ | '_| | '_ \/ _` | \ \ \ \
 \\/  ___)| |_)| | | | | || (_| |  ) ) ) )
  '  |____| .__|_| |_|_| |_\__, | / / / /
 =========|_|==============|___/=/_/_/_/

 :: Spring Boot ::                (v3.3.4)

2026-05-12T01:07:03.190+03:00  INFO 30820 --- [ecommerce] [           main] c.e.e.a.AuthControllerIntegrationTest    : Starting AuthControllerIntegrationTest using Java 17.0.12 with PID 30820 (started by yousuf in C:\Users\yousuf\git\parallel-development)
2026-05-12T01:07:03.190+03:00  INFO 30820 --- [ecommerce] [           main] c.e.e.a.AuthControllerIntegrationTest    : The following 1 profile is active: "test"
2026-05-12T01:07:03.720+03:00  INFO 30820 --- [ecommerce] [           main] .s.d.r.c.RepositoryConfigurationDelegate : Bootstrapping Spring Data JPA repositories in DEFAULT mode.
2026-05-12T01:07:03.781+03:00  INFO 30820 --- [ecommerce] [           main] .s.d.r.c.RepositoryConfigurationDelegate : Finished Spring Data repository scanning in 52 ms. Found 5 JPA repository interfaces.
2026-05-12T01:07:04.220+03:00  INFO 30820 --- [ecommerce] [           main] o.hibernate.jpa.internal.util.LogHelper  : HHH000204: Processing PersistenceUnitInfo [name: default]
2026-05-12T01:07:04.298+03:00  INFO 30820 --- [ecommerce] [           main] org.hibernate.Version                    : HHH000412: Hibernate ORM core version 6.5.3.Final
2026-05-12T01:07:04.339+03:00  INFO 30820 --- [ecommerce] [           main] o.h.c.internal.RegionFactoryInitiator    : HHH000026: Second-level cache disabled
2026-05-12T01:07:04.675+03:00  INFO 30820 --- [ecommerce] [           main] o.s.o.j.p.SpringPersistenceUnitInfo      : No LoadTimeWeaver setup: ignoring JPA class transformer
2026-05-12T01:07:04.709+03:00  INFO 30820 --- [ecommerce] [           main] com.zaxxer.hikari.HikariDataSource       : HikariPool-1 - Starting...
2026-05-12T01:07:04.758+03:00  INFO 30820 --- [ecommerce] [           main] org.testcontainers.images.PullPolicy     : Image pull policy will be performed by: DefaultPullPolicy()
2026-05-12T01:07:04.760+03:00  INFO 30820 --- [ecommerce] [           main] o.t.utility.ImageNameSubstitutor         : Image name substitution will be performed by: DefaultImageNameSubstitutor (composite of 'ConfigurationFileImageNameSubstitutor' and 'PrefixingImageNameSubstitutor')
2026-05-12T01:07:05.171+03:00  INFO 30820 --- [ecommerce] [           main] o.t.d.DockerClientProviderStrategy       : Found Docker environment with local Npipe socket (npipe:////./pipe/docker_engine)
2026-05-12T01:07:05.174+03:00  INFO 30820 --- [ecommerce] [           main] org.testcontainers.DockerClientFactory   : Docker host IP address is localhost
2026-05-12T01:07:05.191+03:00  INFO 30820 --- [ecommerce] [           main] org.testcontainers.DockerClientFactory   : Connected to docker: 
  Server Version: 28.2.2
  API Version: 1.50
  Operating System: Docker Desktop
  Total Memory: 7567 MB
2026-05-12T01:07:05.236+03:00  INFO 30820 --- [ecommerce] [           main] tc.testcontainers/ryuk:0.7.0             : Pulling docker image: testcontainers/ryuk:0.7.0. Please be patient; this may take some time but only needs to be done once.
2026-05-12T01:07:05.418+03:00  INFO 30820 --- [ecommerce] [           main] o.t.utility.RegistryAuthLocator          : Credential helper/store (docker-credential-desktop) does not have credentials for https://index.docker.io/v1/
2026-05-12T01:07:13.638+03:00  INFO 30820 --- [ecommerce] [tream-516338723] tc.testcontainers/ryuk:0.7.0             : Starting to pull image
2026-05-12T01:07:13.662+03:00  INFO 30820 --- [ecommerce] [tream-516338723] tc.testcontainers/ryuk:0.7.0             : Pulling image layers:  0 pending,  0 downloaded,  0 extracted, (0 bytes/0 bytes)
2026-05-12T01:07:20.126+03:00  INFO 30820 --- [ecommerce] [tream-516338723] tc.testcontainers/ryuk:0.7.0             : Pulling image layers:  2 pending,  1 downloaded,  0 extracted, (880 KB/? MB)
2026-05-12T01:07:40.453+03:00  INFO 30820 --- [ecommerce] [tream-516338723] tc.testcontainers/ryuk:0.7.0             : Pulling image layers:  1 pending,  2 downloaded,  0 extracted, (6 MB/? MB)
2026-05-12T01:07:41.321+03:00  INFO 30820 --- [ecommerce] [tream-516338723] tc.testcontainers/ryuk:0.7.0             : Pulling image layers:  0 pending,  3 downloaded,  0 extracted, (6 MB/6 MB)
2026-05-12T01:07:41.526+03:00  INFO 30820 --- [ecommerce] [tream-516338723] tc.testcontainers/ryuk:0.7.0             : Pulling image layers:  0 pending,  3 downloaded,  1 extracted, (6 MB/6 MB)
2026-05-12T01:07:41.693+03:00  INFO 30820 --- [ecommerce] [tream-516338723] tc.testcontainers/ryuk:0.7.0             : Pulling image layers:  0 pending,  3 downloaded,  2 extracted, (6 MB/6 MB)
2026-05-12T01:07:41.755+03:00  INFO 30820 --- [ecommerce] [tream-516338723] tc.testcontainers/ryuk:0.7.0             : Pulling image layers:  0 pending,  3 downloaded,  3 extracted, (6 MB/6 MB)
2026-05-12T01:07:41.774+03:00  INFO 30820 --- [ecommerce] [tream-516338723] tc.testcontainers/ryuk:0.7.0             : Pull complete. 3 layers, pulled in 28s (downloaded 6 MB at 235 KB/s)
2026-05-12T01:07:41.774+03:00  INFO 30820 --- [ecommerce] [           main] tc.testcontainers/ryuk:0.7.0             : Image testcontainers/ryuk:0.7.0 pull took PT36.5372923S
2026-05-12T01:07:41.795+03:00  INFO 30820 --- [ecommerce] [           main] tc.testcontainers/ryuk:0.7.0             : Creating container for image: testcontainers/ryuk:0.7.0
2026-05-12T01:07:41.897+03:00  INFO 30820 --- [ecommerce] [           main] tc.testcontainers/ryuk:0.7.0             : Container testcontainers/ryuk:0.7.0 is starting: 1c50fd2551029f3c1f88bf34c846b199194d1284244c9c5211537ff3be7e6b50
2026-05-12T01:07:42.397+03:00  INFO 30820 --- [ecommerce] [           main] tc.testcontainers/ryuk:0.7.0             : Container testcontainers/ryuk:0.7.0 started in PT0.6015503S
2026-05-12T01:07:42.404+03:00  INFO 30820 --- [ecommerce] [           main] o.t.utility.RyukResourceReaper           : Ryuk started - will monitor and terminate Testcontainers containers on JVM exit
2026-05-12T01:07:42.404+03:00  INFO 30820 --- [ecommerce] [           main] org.testcontainers.DockerClientFactory   : Checking the system...
2026-05-12T01:07:42.404+03:00  INFO 30820 --- [ecommerce] [           main] org.testcontainers.DockerClientFactory   : ?? Docker server version should be at least 1.6.0
2026-05-12T01:07:42.405+03:00  INFO 30820 --- [ecommerce] [           main] tc.postgres:16                           : Creating container for image: postgres:16
2026-05-12T01:07:42.472+03:00  INFO 30820 --- [ecommerce] [           main] tc.postgres:16                           : Container postgres:16 is starting: efec74dd8924f96bceeb72e1e9d0c54d98d87adb9e961de256eacb63fb377c4f
2026-05-12T01:07:44.025+03:00  INFO 30820 --- [ecommerce] [           main] tc.postgres:16                           : Container postgres:16 started in PT1.6200088S
2026-05-12T01:07:44.026+03:00  INFO 30820 --- [ecommerce] [           main] tc.postgres:16                           : Container is started (JDBC URL: jdbc:postgresql://localhost:55660/test?loggerLevel=OFF)
2026-05-12T01:07:44.159+03:00  INFO 30820 --- [ecommerce] [           main] com.zaxxer.hikari.pool.HikariPool        : HikariPool-1 - Added connection org.testcontainers.jdbc.ConnectionWrapper@66456506
2026-05-12T01:07:44.160+03:00  INFO 30820 --- [ecommerce] [           main] com.zaxxer.hikari.HikariDataSource       : HikariPool-1 - Start completed.
2026-05-12T01:07:45.024+03:00  INFO 30820 --- [ecommerce] [           main] o.h.e.t.j.p.i.JtaPlatformInitiator       : HHH000489: No JTA platform available (set 'hibernate.transaction.jta.platform' to enable JTA platform integration)
Hibernate: alter table if exists product drop constraint if exists FK1mtsbur82frn64de7balymq9s
2026-05-12T01:07:45.047+03:00  WARN 30820 --- [ecommerce] [           main] o.h.engine.jdbc.spi.SqlExceptionHelper   : SQL Warning Code: 0, SQLState: 00000
2026-05-12T01:07:45.048+03:00  WARN 30820 --- [ecommerce] [           main] o.h.engine.jdbc.spi.SqlExceptionHelper   : relation "product" does not exist, skipping
Hibernate: alter table if exists sale_items drop constraint if exists FKtblndatsq8mro19rd0i1nx5qw
2026-05-12T01:07:45.049+03:00  WARN 30820 --- [ecommerce] [           main] o.h.engine.jdbc.spi.SqlExceptionHelper   : SQL Warning Code: 0, SQLState: 00000
2026-05-12T01:07:45.049+03:00  WARN 30820 --- [ecommerce] [           main] o.h.engine.jdbc.spi.SqlExceptionHelper   : relation "sale_items" does not exist, skipping
Hibernate: alter table if exists sale_items drop constraint if exists FK7tcpbc5c5mpnm8fl2phl8ep7l
2026-05-12T01:07:45.050+03:00  WARN 30820 --- [ecommerce] [           main] o.h.engine.jdbc.spi.SqlExceptionHelper   : SQL Warning Code: 0, SQLState: 00000
2026-05-12T01:07:45.050+03:00  WARN 30820 --- [ecommerce] [           main] o.h.engine.jdbc.spi.SqlExceptionHelper   : relation "sale_items" does not exist, skipping
Hibernate: drop table if exists category cascade
2026-05-12T01:07:45.051+03:00  WARN 30820 --- [ecommerce] [           main] o.h.engine.jdbc.spi.SqlExceptionHelper   : SQL Warning Code: 0, SQLState: 00000
2026-05-12T01:07:45.051+03:00  WARN 30820 --- [ecommerce] [           main] o.h.engine.jdbc.spi.SqlExceptionHelper   : table "category" does not exist, skipping
Hibernate: drop table if exists product cascade
2026-05-12T01:07:45.052+03:00  WARN 30820 --- [ecommerce] [           main] o.h.engine.jdbc.spi.SqlExceptionHelper   : SQL Warning Code: 0, SQLState: 00000
2026-05-12T01:07:45.052+03:00  WARN 30820 --- [ecommerce] [           main] o.h.engine.jdbc.spi.SqlExceptionHelper   : table "product" does not exist, skipping
Hibernate: drop table if exists sale_items cascade
2026-05-12T01:07:45.053+03:00  WARN 30820 --- [ecommerce] [           main] o.h.engine.jdbc.spi.SqlExceptionHelper   : SQL Warning Code: 0, SQLState: 00000
2026-05-12T01:07:45.053+03:00  WARN 30820 --- [ecommerce] [           main] o.h.engine.jdbc.spi.SqlExceptionHelper   : table "sale_items" does not exist, skipping
Hibernate: drop table if exists sales cascade
2026-05-12T01:07:45.055+03:00  WARN 30820 --- [ecommerce] [           main] o.h.engine.jdbc.spi.SqlExceptionHelper   : SQL Warning Code: 0, SQLState: 00000
2026-05-12T01:07:45.055+03:00  WARN 30820 --- [ecommerce] [           main] o.h.engine.jdbc.spi.SqlExceptionHelper   : table "sales" does not exist, skipping
Hibernate: drop table if exists users cascade
2026-05-12T01:07:45.056+03:00  WARN 30820 --- [ecommerce] [           main] o.h.engine.jdbc.spi.SqlExceptionHelper   : SQL Warning Code: 0, SQLState: 00000
2026-05-12T01:07:45.056+03:00  WARN 30820 --- [ecommerce] [           main] o.h.engine.jdbc.spi.SqlExceptionHelper   : table "users" does not exist, skipping
Hibernate: create table category (id bigint generated by default as identity, description varchar(255), name varchar(255), primary key (id))
Hibernate: create table product (price float(53) not null, quantity integer not null, version integer, category_id bigint, id bigint generated by default as identity, brand varchar(255), name varchar(255), specifications varchar(255), primary key (id))
Hibernate: create table sale_items (price_at_purchase float(53), quantity integer not null, id bigint generated by default as identity, product_id bigint not null, sale_id bigint not null, primary key (id))
Hibernate: create table sales (total_amount float(53) not null, id bigint generated by default as identity, sale_date timestamp(6) not null, primary key (id))
Hibernate: create table users (balance numeric(10,2) not null, created_at timestamp(6) not null, id bigint generated by default as identity, email varchar(255) not null unique, name varchar(255) not null, password varchar(255) not null, role varchar(255) not null check (role in ('USER','ADMIN')), primary key (id))
Hibernate: alter table if exists product add constraint FK1mtsbur82frn64de7balymq9s foreign key (category_id) references category
Hibernate: alter table if exists sale_items add constraint FKtblndatsq8mro19rd0i1nx5qw foreign key (product_id) references product
Hibernate: alter table if exists sale_items add constraint FK7tcpbc5c5mpnm8fl2phl8ep7l foreign key (sale_id) references sales
2026-05-12T01:07:45.082+03:00  INFO 30820 --- [ecommerce] [           main] j.LocalContainerEntityManagerFactoryBean : Initialized JPA EntityManagerFactory for persistence unit 'default'
2026-05-12T01:07:45.364+03:00  INFO 30820 --- [ecommerce] [           main] r$InitializeUserDetailsManagerConfigurer : Global AuthenticationManager configured with UserDetailsService bean with name customUserDetailsService
2026-05-12T01:07:45.467+03:00  WARN 30820 --- [ecommerce] [           main] JpaBaseConfiguration$JpaWebConfiguration : spring.jpa.open-in-view is enabled by default. Therefore, database queries may be performed during view rendering. Explicitly configure spring.jpa.open-in-view to disable this warning
2026-05-12T01:07:45.960+03:00  INFO 30820 --- [ecommerce] [           main] o.s.b.a.h2.H2ConsoleAutoConfiguration    : H2 console available at '/h2-console'. Database available at 'jdbc:postgresql://localhost:55660/test?loggerLevel=OFF'
2026-05-12T01:07:46.049+03:00  INFO 30820 --- [ecommerce] [           main] o.s.b.t.m.w.SpringBootMockServletContext : Initializing Spring TestDispatcherServlet ''
2026-05-12T01:07:46.050+03:00  INFO 30820 --- [ecommerce] [           main] o.s.t.web.servlet.TestDispatcherServlet  : Initializing Servlet ''
2026-05-12T01:07:46.050+03:00  INFO 30820 --- [ecommerce] [           main] o.s.t.web.servlet.TestDispatcherServlet  : Completed initialization in 0 ms
2026-05-12T01:07:46.064+03:00  INFO 30820 --- [ecommerce] [           main] c.e.e.a.AuthControllerIntegrationTest    : Started AuthControllerIntegrationTest in 43.067 seconds (process running for 43.859)
Hibernate: select u1_0.id,u1_0.balance,u1_0.created_at,u1_0.email,u1_0.name,u1_0.password,u1_0.role from users u1_0
Hibernate: select u1_0.id from users u1_0 where u1_0.email is null fetch first ? rows only
]]></system-out>
  </testcase>
  <testcase name="register_shouldReturn400_whenEmailAlreadyExists" classname="com.ecommerce.ecommerce.auth.AuthControllerIntegrationTest" time="0.165">
    <error message="Request processing failed: java.lang.RuntimeException: Email already in use: john@example.com" type="jakarta.servlet.ServletException"><![CDATA[jakarta.servlet.ServletException: Request processing failed: java.lang.RuntimeException: Email already in use: john@example.com
	at org.springframework.web.servlet.FrameworkServlet.processRequest(FrameworkServlet.java:1022)
	at org.springframework.web.servlet.FrameworkServlet.doPost(FrameworkServlet.java:914)
	at jakarta.servlet.http.HttpServlet.service(HttpServlet.java:590)
	at org.springframework.web.servlet.FrameworkServlet.service(FrameworkServlet.java:885)
	at org.springframework.test.web.servlet.TestDispatcherServlet.service(TestDispatcherServlet.java:72)
	at jakarta.servlet.http.HttpServlet.service(HttpServlet.java:658)
	at org.springframework.mock.web.MockFilterChain$ServletFilterProxy.doFilter(MockFilterChain.java:165)
	at org.springframework.mock.web.MockFilterChain.doFilter(MockFilterChain.java:132)
	at org.springframework.web.filter.OncePerRequestFilter.doFilter(OncePerRequestFilter.java:110)
	at org.springframework.test.web.servlet.setup.MockMvcFilterDecorator.doFilter(MockMvcFilterDecorator.java:151)
	at org.springframework.mock.web.MockFilterChain.doFilter(MockFilterChain.java:132)
	at org.springframework.web.filter.CompositeFilter$VirtualFilterChain.doFilter(CompositeFilter.java:108)
	at org.springframework.security.web.FilterChainProxy.lambda$doFilterInternal$3(FilterChainProxy.java:231)
	at org.springframework.security.web.FilterChainProxy$VirtualFilterChain.doFilter(FilterChainProxy.java:365)
	at org.springframework.security.web.access.intercept.AuthorizationFilter.doFilter(AuthorizationFilter.java:100)
	at org.springframework.security.web.FilterChainProxy$VirtualFilterChain.doFilter(FilterChainProxy.java:374)
	at org.springframework.security.web.access.ExceptionTranslationFilter.doFilter(ExceptionTranslationFilter.java:126)
	at org.springframework.security.web.access.ExceptionTranslationFilter.doFilter(ExceptionTranslationFilter.java:120)
	at org.springframework.security.web.FilterChainProxy$VirtualFilterChain.doFilter(FilterChainProxy.java:374)
	at org.springframework.security.web.session.SessionManagementFilter.doFilter(SessionManagementFilter.java:131)
	at org.springframework.security.web.session.SessionManagementFilter.doFilter(SessionManagementFilter.java:85)
	at org.springframework.security.web.FilterChainProxy$VirtualFilterChain.doFilter(FilterChainProxy.java:374)
	at org.springframework.security.web.authentication.AnonymousAuthenticationFilter.doFilter(AnonymousAuthenticationFilter.java:100)
	at org.springframework.security.web.FilterChainProxy$VirtualFilterChain.doFilter(FilterChainProxy.java:374)
	at org.springframework.security.web.servletapi.SecurityContextHolderAwareRequestFilter.doFilter(SecurityContextHolderAwareRequestFilter.java:179)
	at org.springframework.security.web.FilterChainProxy$VirtualFilterChain.doFilter(FilterChainProxy.java:374)
	at org.springframework.security.web.savedrequest.RequestCacheAwareFilter.doFilter(RequestCacheAwareFilter.java:63)
	at org.springframework.security.web.FilterChainProxy$VirtualFilterChain.doFilter(FilterChainProxy.java:374)
	at com.ecommerce.ecommerce.security.JwtAuthFilter.doFilterInternal(JwtAuthFilter.java:37)
	at org.springframework.web.filter.OncePerRequestFilter.doFilter(OncePerRequestFilter.java:116)
	at org.springframework.security.web.FilterChainProxy$VirtualFilterChain.doFilter(FilterChainProxy.java:374)
	at org.springframework.security.web.authentication.logout.LogoutFilter.doFilter(LogoutFilter.java:107)
	at org.springframework.security.web.authentication.logout.LogoutFilter.doFilter(LogoutFilter.java:93)
	at org.springframework.security.web.FilterChainProxy$VirtualFilterChain.doFilter(FilterChainProxy.java:374)
	at org.springframework.security.web.header.HeaderWriterFilter.doHeadersAfter(HeaderWriterFilter.java:90)
	at org.springframework.security.web.header.HeaderWriterFilter.doFilterInternal(HeaderWriterFilter.java:75)
	at org.springframework.web.filter.OncePerRequestFilter.doFilter(OncePerRequestFilter.java:116)
	at org.springframework.security.web.FilterChainProxy$VirtualFilterChain.doFilter(FilterChainProxy.java:374)
	at org.springframework.security.web.context.SecurityContextHolderFilter.doFilter(SecurityContextHolderFilter.java:82)
	at org.springframework.security.web.context.SecurityContextHolderFilter.doFilter(SecurityContextHolderFilter.java:69)
	at org.springframework.security.web.FilterChainProxy$VirtualFilterChain.doFilter(FilterChainProxy.java:374)
	at org.springframework.security.web.context.request.async.WebAsyncManagerIntegrationFilter.doFilterInternal(WebAsyncManagerIntegrationFilter.java:62)
	at org.springframework.web.filter.OncePerRequestFilter.doFilter(OncePerRequestFilter.java:116)
	at org.springframework.security.web.FilterChainProxy$VirtualFilterChain.doFilter(FilterChainProxy.java:374)
	at org.springframework.security.web.session.DisableEncodeUrlFilter.doFilterInternal(DisableEncodeUrlFilter.java:42)
	at org.springframework.web.filter.OncePerRequestFilter.doFilter(OncePerRequestFilter.java:116)
	at org.springframework.security.web.FilterChainProxy$VirtualFilterChain.doFilter(FilterChainProxy.java:374)
	at org.springframework.security.web.FilterChainProxy.doFilterInternal(FilterChainProxy.java:233)
	at org.springframework.security.web.FilterChainProxy.doFilter(FilterChainProxy.java:191)
	at org.springframework.web.filter.CompositeFilter$VirtualFilterChain.doFilter(CompositeFilter.java:113)
	at org.springframework.web.servlet.handler.HandlerMappingIntrospector.lambda$createCacheFilter$3(HandlerMappingIntrospector.java:195)
	at org.springframework.web.filter.CompositeFilter$VirtualFilterChain.doFilter(CompositeFilter.java:113)
	at org.springframework.web.filter.CompositeFilter.doFilter(CompositeFilter.java:74)
	at org.springframework.security.config.annotation.web.configuration.WebMvcSecurityConfiguration$CompositeFilterChainProxy.doFilter(WebMvcSecurityConfiguration.java:230)
	at org.springframework.web.filter.DelegatingFilterProxy.invokeDelegate(DelegatingFilterProxy.java:352)
	at org.springframework.web.filter.DelegatingFilterProxy.doFilter(DelegatingFilterProxy.java:268)
	at org.springframework.test.web.servlet.setup.MockMvcFilterDecorator.doFilter(MockMvcFilterDecorator.java:151)
	at org.springframework.mock.web.MockFilterChain.doFilter(MockFilterChain.java:132)
	at org.springframework.web.filter.RequestContextFilter.doFilterInternal(RequestContextFilter.java:100)
	at org.springframework.web.filter.OncePerRequestFilter.doFilter(OncePerRequestFilter.java:116)
	at org.springframework.test.web.servlet.setup.MockMvcFilterDecorator.doFilter(MockMvcFilterDecorator.java:151)
	at org.springframework.mock.web.MockFilterChain.doFilter(MockFilterChain.java:132)
	at org.springframework.web.filter.FormContentFilter.doFilterInternal(FormContentFilter.java:93)
	at org.springframework.web.filter.OncePerRequestFilter.doFilter(OncePerRequestFilter.java:116)
	at org.springframework.test.web.servlet.setup.MockMvcFilterDecorator.doFilter(MockMvcFilterDecorator.java:151)
	at org.springframework.mock.web.MockFilterChain.doFilter(MockFilterChain.java:132)
	at org.springframework.web.filter.CharacterEncodingFilter.doFilterInternal(CharacterEncodingFilter.java:201)
	at org.springframework.web.filter.OncePerRequestFilter.doFilter(OncePerRequestFilter.java:116)
	at org.springframework.test.web.servlet.setup.MockMvcFilterDecorator.doFilter(MockMvcFilterDecorator.java:151)
	at org.springframework.mock.web.MockFilterChain.doFilter(MockFilterChain.java:132)
	at org.springframework.test.web.servlet.MockMvc.perform(MockMvc.java:201)
	at com.ecommerce.ecommerce.auth.AuthControllerIntegrationTest.register_shouldReturn400_whenEmailAlreadyExists(AuthControllerIntegrationTest.java:70)
	at java.base/java.lang.reflect.Method.invoke(Method.java:568)
	at java.base/java.util.ArrayList.forEach(ArrayList.java:1511)
	at java.base/java.util.ArrayList.forEach(ArrayList.java:1511)
Caused by: java.lang.RuntimeException: Email already in use: john@example.com
	at com.ecommerce.ecommerce.auth.AuthService.register(AuthService.java:36)
	at com.ecommerce.ecommerce.auth.AuthController.register(AuthController.java:24)
	at java.base/jdk.internal.reflect.NativeMethodAccessorImpl.invoke0(Native Method)
	at java.base/jdk.internal.reflect.NativeMethodAccessorImpl.invoke(NativeMethodAccessorImpl.java:77)
	at java.base/jdk.internal.reflect.DelegatingMethodAccessorImpl.invoke(DelegatingMethodAccessorImpl.java:43)
	at java.base/java.lang.reflect.Method.invoke(Method.java:568)
	at org.springframework.web.method.support.InvocableHandlerMethod.doInvoke(InvocableHandlerMethod.java:255)
	at org.springframework.web.method.support.InvocableHandlerMethod.invokeForRequest(InvocableHandlerMethod.java:188)
	at org.springframework.web.servlet.mvc.method.annotation.ServletInvocableHandlerMethod.invokeAndHandle(ServletInvocableHandlerMethod.java:118)
	at org.springframework.web.servlet.mvc.method.annotation.RequestMappingHandlerAdapter.invokeHandlerMethod(RequestMappingHandlerAdapter.java:926)
	at org.springframework.web.servlet.mvc.method.annotation.RequestMappingHandlerAdapter.handleInternal(RequestMappingHandlerAdapter.java:831)
	at org.springframework.web.servlet.mvc.method.AbstractHandlerMethodAdapter.handle(AbstractHandlerMethodAdapter.java:87)
	at org.springframework.web.servlet.DispatcherServlet.doDispatch(DispatcherServlet.java:1089)
	at org.springframework.web.servlet.DispatcherServlet.doService(DispatcherServlet.java:979)
	at org.springframework.web.servlet.FrameworkServlet.processRequest(FrameworkServlet.java:1014)
	... 74 more
]]></error>
    <system-out><![CDATA[Hibernate: select u1_0.id,u1_0.balance,u1_0.created_at,u1_0.email,u1_0.name,u1_0.password,u1_0.role from users u1_0
Hibernate: select u1_0.id from users u1_0 where u1_0.email=? fetch first ? rows only
Hibernate: insert into users (balance,created_at,email,name,password,role) values (?,?,?,?,?,?) returning id
Hibernate: select u1_0.id from users u1_0 where u1_0.email=? fetch first ? rows only

MockHttpServletRequest:
      HTTP Method = POST
      Request URI = /api/auth/register
       Parameters = {}
          Headers = [Content-Type:"application/json;charset=UTF-8", Content-Length:"69"]
             Body = {"name":"John Doe","password":"secret123","email":"john@example.com"}
    Session Attrs = {}

Handler:
             Type = com.ecommerce.ecommerce.auth.AuthController
           Method = com.ecommerce.ecommerce.auth.AuthController#register(RegisterRequestDTO)

Async:
    Async started = false
     Async result = null

Resolved Exception:
             Type = null

ModelAndView:
        View name = null
             View = null
            Model = null

FlashMap:
       Attributes = null

MockHttpServletResponse:
           Status = 200
    Error message = null
          Headers = [Content-Type:"application/json", X-Content-Type-Options:"nosniff", X-XSS-Protection:"0", Cache-Control:"no-cache, no-store, max-age=0, must-revalidate", Pragma:"no-cache", Expires:"0", X-Frame-Options:"DENY"]
     Content type = application/json
             Body = {"token":"eyJhbGciOiJIUzI1NiJ9.eyJzdWIiOiJqb2huQGV4YW1wbGUuY29tIiwicm9sZSI6IlVTRVIiLCJpYXQiOjE3Nzg1MzcyNjYsImV4cCI6MTc3ODYyMzY2Nn0.G-cL3jtuTGC9wA-A4Hlh3IHvapdMeCIkhTW_sZakLyI","name":"John Doe","email":"john@example.com","role":"USER"}
    Forwarded URL = null
   Redirected URL = null
          Cookies = []
]]></system-out>
  </testcase>
  <testcase name="login_shouldReturn401_whenWrongPassword" classname="com.ecommerce.ecommerce.auth.AuthControllerIntegrationTest" time="0.196">
    <failure message="Status expected:&lt;401&gt; but was:&lt;403&gt;" type="java.lang.AssertionError"><![CDATA[java.lang.AssertionError: Status expected:<401> but was:<403>
	at org.springframework.test.util.AssertionErrors.fail(AssertionErrors.java:59)
	at org.springframework.test.util.AssertionErrors.assertEquals(AssertionErrors.java:122)
	at org.springframework.test.web.servlet.result.StatusResultMatchers.lambda$matcher$9(StatusResultMatchers.java:637)
	at org.springframework.test.web.servlet.MockMvc$1.andExpect(MockMvc.java:214)
	at com.ecommerce.ecommerce.auth.AuthControllerIntegrationTest.login_shouldReturn401_whenWrongPassword(AuthControllerIntegrationTest.java:133)
	at java.base/java.lang.reflect.Method.invoke(Method.java:568)
	at java.base/java.util.ArrayList.forEach(ArrayList.java:1511)
	at java.base/java.util.ArrayList.forEach(ArrayList.java:1511)
]]></failure>
    <system-out><![CDATA[Hibernate: select u1_0.id,u1_0.balance,u1_0.created_at,u1_0.email,u1_0.name,u1_0.password,u1_0.role from users u1_0
Hibernate: delete from users where id=?
Hibernate: select u1_0.id from users u1_0 where u1_0.email=? fetch first ? rows only
Hibernate: insert into users (balance,created_at,email,name,password,role) values (?,?,?,?,?,?) returning id
Hibernate: select u1_0.id,u1_0.balance,u1_0.created_at,u1_0.email,u1_0.name,u1_0.password,u1_0.role from users u1_0 where u1_0.email=?

MockHttpServletRequest:
      HTTP Method = POST
      Request URI = /api/auth/register
       Parameters = {}
          Headers = [Content-Type:"application/json;charset=UTF-8", Content-Length:"69"]
             Body = {"name":"John Doe","password":"secret123","email":"john@example.com"}
    Session Attrs = {}

Handler:
             Type = com.ecommerce.ecommerce.auth.AuthController
           Method = com.ecommerce.ecommerce.auth.AuthController#register(RegisterRequestDTO)

Async:
    Async started = false
     Async result = null

Resolved Exception:
             Type = null

ModelAndView:
        View name = null
             View = null
            Model = null

FlashMap:
       Attributes = null

MockHttpServletResponse:
           Status = 200
    Error message = null
          Headers = [Content-Type:"application/json", X-Content-Type-Options:"nosniff", X-XSS-Protection:"0", Cache-Control:"no-cache, no-store, max-age=0, must-revalidate", Pragma:"no-cache", Expires:"0", X-Frame-Options:"DENY"]
     Content type = application/json
             Body = {"token":"eyJhbGciOiJIUzI1NiJ9.eyJzdWIiOiJqb2huQGV4YW1wbGUuY29tIiwicm9sZSI6IlVTRVIiLCJpYXQiOjE3Nzg1MzcyNjYsImV4cCI6MTc3ODYyMzY2Nn0.G-cL3jtuTGC9wA-A4Hlh3IHvapdMeCIkhTW_sZakLyI","name":"John Doe","email":"john@example.com","role":"USER"}
    Forwarded URL = null
   Redirected URL = null
          Cookies = []

MockHttpServletRequest:
      HTTP Method = POST
      Request URI = /api/auth/login
       Parameters = {}
          Headers = [Content-Type:"application/json;charset=UTF-8", Content-Length:"55"]
             Body = {"email":"john@example.com","password":"wrongpassword"}
    Session Attrs = {}

Handler:
             Type = com.ecommerce.ecommerce.auth.AuthController
           Method = com.ecommerce.ecommerce.auth.AuthController#login(LoginRequestDTO)

Async:
    Async started = false
     Async result = null

Resolved Exception:
             Type = null

ModelAndView:
        View name = null
             View = null
            Model = null

FlashMap:
       Attributes = null

MockHttpServletResponse:
           Status = 403
    Error message = Access Denied
          Headers = [X-Content-Type-Options:"nosniff", X-XSS-Protection:"0", Cache-Control:"no-cache, no-store, max-age=0, must-revalidate", Pragma:"no-cache", Expires:"0", X-Frame-Options:"DENY"]
     Content type = null
             Body = 
    Forwarded URL = null
   Redirected URL = null
          Cookies = []
]]></system-out>
  </testcase>
  <testcase name="register_shouldReturn200AndToken_whenValidRequest" classname="com.ecommerce.ecommerce.auth.AuthControllerIntegrationTest" time="0.097">
    <system-out><![CDATA[Hibernate: select u1_0.id,u1_0.balance,u1_0.created_at,u1_0.email,u1_0.name,u1_0.password,u1_0.role from users u1_0
Hibernate: delete from users where id=?
Hibernate: select u1_0.id from users u1_0 where u1_0.email=? fetch first ? rows only
Hibernate: insert into users (balance,created_at,email,name,password,role) values (?,?,?,?,?,?) returning id
]]></system-out>
  </testcase>
  <testcase name="login_shouldReturn200AndToken_whenValidCredentials" classname="com.ecommerce.ecommerce.auth.AuthControllerIntegrationTest" time="0.129">
    <system-out><![CDATA[Hibernate: select u1_0.id,u1_0.balance,u1_0.created_at,u1_0.email,u1_0.name,u1_0.password,u1_0.role from users u1_0
Hibernate: delete from users where id=?
Hibernate: select u1_0.id from users u1_0 where u1_0.email=? fetch first ? rows only
Hibernate: insert into users (balance,created_at,email,name,password,role) values (?,?,?,?,?,?) returning id
Hibernate: select u1_0.id,u1_0.balance,u1_0.created_at,u1_0.email,u1_0.name,u1_0.password,u1_0.role from users u1_0 where u1_0.email=?
Hibernate: select u1_0.id,u1_0.balance,u1_0.created_at,u1_0.email,u1_0.name,u1_0.password,u1_0.role from users u1_0 where u1_0.email=?
]]></system-out>
  </testcase>
</testsuite>